<?xml version="1.0" encoding="UTF-8"?>
<testng-results ignored="0" total="1" passed="1" failed="0" skipped="0">
  <reporter-output>
  </reporter-output>
  <suite started-at="2024-11-22T00:08:36 IST" name="Suite" finished-at="2024-11-22T00:09:00 IST" duration-ms="23868">
    <groups>
    </groups>
    <test started-at="2024-11-22T00:08:36 IST" name="Test" finished-at="2024-11-22T00:09:00 IST" duration-ms="23868">
      <class name="com.sampletest.LoginTest">
        <test-method signature="Sample()[pri:0, instance:com.sampletest.LoginTest@327514f]" started-at="2024-11-22T00:08:36 IST" name="Sample" finished-at="2024-11-22T00:09:00 IST" duration-ms="23771" status="PASS">
          <reporter-output>
          </reporter-output>
        </test-method> <!-- Sample -->
      </class> <!-- com.sampletest.LoginTest -->
    </test> <!-- Test -->
  </suite> <!-- Suite -->
</testng-results>
