<?xml version="1.0" encoding="UTF-8"?>
<testng-results ignored="0" total="1" passed="1" failed="0" skipped="0">
  <reporter-output>
  </reporter-output>
  <suite started-at="2024-11-22T19:39:56 IST" name="Suite" finished-at="2024-11-22T19:40:30 IST" duration-ms="33393">
    <groups>
    </groups>
    <test started-at="2024-11-22T19:39:56 IST" name="Test" finished-at="2024-11-22T19:40:30 IST" duration-ms="33393">
      <class name="com.sampletest.LoginTest">
        <test-method signature="Sample()[pri:0, instance:com.sampletest.LoginTest@327514f]" started-at="2024-11-22T19:39:56 IST" name="Sample" finished-at="2024-11-22T19:40:30 IST" duration-ms="33281" status="PASS">
          <reporter-output>
          </reporter-output>
        </test-method> <!-- Sample -->
      </class> <!-- com.sampletest.LoginTest -->
    </test> <!-- Test -->
  </suite> <!-- Suite -->
</testng-results>
